1586868799501	mozrunner::runner	INFO	Running command: "/Applications/Firefox.app/Contents/MacOS/firefox-bin" "-marionette" "-foreground" "-no-remote" "-profile" "/var/folders/0j/49xx400n4rj7hlf_dkgr956m0000gn/T/rust_mozprofileBDuU63"
1586868801890	addons.webextension.doh-rollout@mozilla.org	WARN	Loading extension 'doh-rollout@mozilla.org': Reading manifest: Invalid extension permission: networkStatus
1586868802394	addons.webextension.screenshots@mozilla.org	WARN	Loading extension 'screenshots@mozilla.org': Reading manifest: Invalid extension permission: mozillaAddons
1586868802394	addons.webextension.screenshots@mozilla.org	WARN	Loading extension 'screenshots@mozilla.org': Reading manifest: Invalid extension permission: telemetry
1586868802394	addons.webextension.screenshots@mozilla.org	WARN	Loading extension 'screenshots@mozilla.org': Reading manifest: Invalid extension permission: resource://pdf.js/
1586868802395	addons.webextension.screenshots@mozilla.org	WARN	Loading extension 'screenshots@mozilla.org': Reading manifest: Invalid extension permission: about:reader*
1586868804115	Marionette	INFO	Listening on port 54071
1586868804148	Marionette	WARN	TLS certificate errors will be ignored for this session
1586868806439	Marionette	WARN	TimedPromise timed out after 500 ms: stacktrace:
TimedPromise/<@chrome://marionette/content/sync.js:244:13
TimedPromise@chrome://marionette/content/sync.js:229:10
interaction.flushEventLoop@chrome://marionette/content/interaction.js:416:10
webdriverClickElement@chrome://marionette/content/interaction.js:182:31
1586868873759	Marionette	INFO	Stopped listening on port 54071
1586868882800	mozrunner::runner	INFO	Running command: "/Applications/Firefox.app/Contents/MacOS/firefox-bin" "-marionette" "-foreground" "-no-remote" "-profile" "/var/folders/0j/49xx400n4rj7hlf_dkgr956m0000gn/T/rust_mozprofileVCIXh5"
1586868883227	addons.webextension.doh-rollout@mozilla.org	WARN	Loading extension 'doh-rollout@mozilla.org': Reading manifest: Invalid extension permission: networkStatus
1586868883627	addons.webextension.screenshots@mozilla.org	WARN	Loading extension 'screenshots@mozilla.org': Reading manifest: Invalid extension permission: mozillaAddons
1586868883628	addons.webextension.screenshots@mozilla.org	WARN	Loading extension 'screenshots@mozilla.org': Reading manifest: Invalid extension permission: telemetry
1586868883628	addons.webextension.screenshots@mozilla.org	WARN	Loading extension 'screenshots@mozilla.org': Reading manifest: Invalid extension permission: resource://pdf.js/
1586868883628	addons.webextension.screenshots@mozilla.org	WARN	Loading extension 'screenshots@mozilla.org': Reading manifest: Invalid extension permission: about:reader*
1586868885078	Marionette	INFO	Listening on port 54255
1586868885143	Marionette	WARN	TLS certificate errors will be ignored for this session
1586868887319	Marionette	WARN	TimedPromise timed out after 500 ms: stacktrace:
TimedPromise/<@chrome://marionette/content/sync.js:244:13
TimedPromise@chrome://marionette/content/sync.js:229:10
interaction.flushEventLoop@chrome://marionette/content/interaction.js:416:10
webdriverClickElement@chrome://marionette/content/interaction.js:182:31
1586868941568	mozrunner::runner	INFO	Running command: "/Applications/Firefox.app/Contents/MacOS/firefox-bin" "-marionette" "-foreground" "-no-remote" "-profile" "/var/folders/0j/49xx400n4rj7hlf_dkgr956m0000gn/T/rust_mozprofileDskNmw"
1586868941984	addons.webextension.doh-rollout@mozilla.org	WARN	Loading extension 'doh-rollout@mozilla.org': Reading manifest: Invalid extension permission: networkStatus
1586868942368	addons.webextension.screenshots@mozilla.org	WARN	Loading extension 'screenshots@mozilla.org': Reading manifest: Invalid extension permission: mozillaAddons
1586868942368	addons.webextension.screenshots@mozilla.org	WARN	Loading extension 'screenshots@mozilla.org': Reading manifest: Invalid extension permission: telemetry
1586868942368	addons.webextension.screenshots@mozilla.org	WARN	Loading extension 'screenshots@mozilla.org': Reading manifest: Invalid extension permission: resource://pdf.js/
1586868942368	addons.webextension.screenshots@mozilla.org	WARN	Loading extension 'screenshots@mozilla.org': Reading manifest: Invalid extension permission: about:reader*
1586868943870	Marionette	INFO	Listening on port 54352
1586868943904	Marionette	WARN	TLS certificate errors will be ignored for this session
1586869008177	mozrunner::runner	INFO	Running command: "/Applications/Firefox.app/Contents/MacOS/firefox-bin" "-marionette" "-foreground" "-no-remote" "-profile" "/var/folders/0j/49xx400n4rj7hlf_dkgr956m0000gn/T/rust_mozprofilesHRoTt"
1586869008677	addons.webextension.doh-rollout@mozilla.org	WARN	Loading extension 'doh-rollout@mozilla.org': Reading manifest: Invalid extension permission: networkStatus
1586869009059	addons.webextension.screenshots@mozilla.org	WARN	Loading extension 'screenshots@mozilla.org': Reading manifest: Invalid extension permission: mozillaAddons
1586869009059	addons.webextension.screenshots@mozilla.org	WARN	Loading extension 'screenshots@mozilla.org': Reading manifest: Invalid extension permission: telemetry
1586869009059	addons.webextension.screenshots@mozilla.org	WARN	Loading extension 'screenshots@mozilla.org': Reading manifest: Invalid extension permission: resource://pdf.js/
1586869009059	addons.webextension.screenshots@mozilla.org	WARN	Loading extension 'screenshots@mozilla.org': Reading manifest: Invalid extension permission: about:reader*
1586869010572	Marionette	INFO	Listening on port 54450
1586869010632	Marionette	WARN	TLS certificate errors will be ignored for this session
1586869019769	Marionette	INFO	Stopped listening on port 54352
1586869021057	Marionette	INFO	Stopped listening on port 54450
1586869023525	Marionette	INFO	Stopped listening on port 54255
1586869132617	mozrunner::runner	INFO	Running command: "/Applications/Firefox.app/Contents/MacOS/firefox-bin" "-marionette" "-foreground" "-no-remote" "-profile" "/var/folders/0j/49xx400n4rj7hlf_dkgr956m0000gn/T/rust_mozprofileSNpKMm"
1586869133066	addons.webextension.doh-rollout@mozilla.org	WARN	Loading extension 'doh-rollout@mozilla.org': Reading manifest: Invalid extension permission: networkStatus
1586869133455	addons.webextension.screenshots@mozilla.org	WARN	Loading extension 'screenshots@mozilla.org': Reading manifest: Invalid extension permission: mozillaAddons
1586869133455	addons.webextension.screenshots@mozilla.org	WARN	Loading extension 'screenshots@mozilla.org': Reading manifest: Invalid extension permission: telemetry
1586869133455	addons.webextension.screenshots@mozilla.org	WARN	Loading extension 'screenshots@mozilla.org': Reading manifest: Invalid extension permission: resource://pdf.js/
1586869133455	addons.webextension.screenshots@mozilla.org	WARN	Loading extension 'screenshots@mozilla.org': Reading manifest: Invalid extension permission: about:reader*
1586869134916	Marionette	INFO	Listening on port 54594
1586869134973	Marionette	WARN	TLS certificate errors will be ignored for this session
1586869153432	Marionette	INFO	Stopped listening on port 54594
1586869178422	mozrunner::runner	INFO	Running command: "/Applications/Firefox.app/Contents/MacOS/firefox-bin" "-marionette" "-foreground" "-no-remote" "-profile" "/var/folders/0j/49xx400n4rj7hlf_dkgr956m0000gn/T/rust_mozprofileczIquc"
1586869178841	addons.webextension.doh-rollout@mozilla.org	WARN	Loading extension 'doh-rollout@mozilla.org': Reading manifest: Invalid extension permission: networkStatus
1586869179197	addons.webextension.screenshots@mozilla.org	WARN	Loading extension 'screenshots@mozilla.org': Reading manifest: Invalid extension permission: mozillaAddons
1586869179197	addons.webextension.screenshots@mozilla.org	WARN	Loading extension 'screenshots@mozilla.org': Reading manifest: Invalid extension permission: telemetry
1586869179197	addons.webextension.screenshots@mozilla.org	WARN	Loading extension 'screenshots@mozilla.org': Reading manifest: Invalid extension permission: resource://pdf.js/
1586869179197	addons.webextension.screenshots@mozilla.org	WARN	Loading extension 'screenshots@mozilla.org': Reading manifest: Invalid extension permission: about:reader*
1586869180654	Marionette	INFO	Listening on port 54696
1586869180674	Marionette	WARN	TLS certificate errors will be ignored for this session
1586869196866	mozrunner::runner	INFO	Running command: "/Applications/Firefox.app/Contents/MacOS/firefox-bin" "-marionette" "-foreground" "-no-remote" "-profile" "/var/folders/0j/49xx400n4rj7hlf_dkgr956m0000gn/T/rust_mozprofiletGiEN2"
1586869197257	addons.webextension.doh-rollout@mozilla.org	WARN	Loading extension 'doh-rollout@mozilla.org': Reading manifest: Invalid extension permission: networkStatus
1586869197624	addons.webextension.screenshots@mozilla.org	WARN	Loading extension 'screenshots@mozilla.org': Reading manifest: Invalid extension permission: mozillaAddons
1586869197624	addons.webextension.screenshots@mozilla.org	WARN	Loading extension 'screenshots@mozilla.org': Reading manifest: Invalid extension permission: telemetry
1586869197624	addons.webextension.screenshots@mozilla.org	WARN	Loading extension 'screenshots@mozilla.org': Reading manifest: Invalid extension permission: resource://pdf.js/
1586869197624	addons.webextension.screenshots@mozilla.org	WARN	Loading extension 'screenshots@mozilla.org': Reading manifest: Invalid extension permission: about:reader*
1586869199062	Marionette	INFO	Listening on port 54788
1586869199124	Marionette	WARN	TLS certificate errors will be ignored for this session
1586869209480	Marionette	INFO	Stopped listening on port 54788
1586869217592	Marionette	INFO	Stopped listening on port 54696
1586869286172	mozrunner::runner	INFO	Running command: "/Applications/Firefox.app/Contents/MacOS/firefox-bin" "-marionette" "-foreground" "-no-remote" "-profile" "/var/folders/0j/49xx400n4rj7hlf_dkgr956m0000gn/T/rust_mozprofileLMnIA6"
1586869286595	addons.webextension.doh-rollout@mozilla.org	WARN	Loading extension 'doh-rollout@mozilla.org': Reading manifest: Invalid extension permission: networkStatus
1586869286951	addons.webextension.screenshots@mozilla.org	WARN	Loading extension 'screenshots@mozilla.org': Reading manifest: Invalid extension permission: mozillaAddons
1586869286951	addons.webextension.screenshots@mozilla.org	WARN	Loading extension 'screenshots@mozilla.org': Reading manifest: Invalid extension permission: telemetry
1586869286952	addons.webextension.screenshots@mozilla.org	WARN	Loading extension 'screenshots@mozilla.org': Reading manifest: Invalid extension permission: resource://pdf.js/
1586869286952	addons.webextension.screenshots@mozilla.org	WARN	Loading extension 'screenshots@mozilla.org': Reading manifest: Invalid extension permission: about:reader*
1586869288423	Marionette	INFO	Listening on port 54951
1586869288436	Marionette	WARN	TLS certificate errors will be ignored for this session
1586869419811	mozrunner::runner	INFO	Running command: "/Applications/Firefox.app/Contents/MacOS/firefox-bin" "-marionette" "-foreground" "-no-remote" "-profile" "/var/folders/0j/49xx400n4rj7hlf_dkgr956m0000gn/T/rust_mozprofilepYhE8e"
1586869420247	addons.webextension.doh-rollout@mozilla.org	WARN	Loading extension 'doh-rollout@mozilla.org': Reading manifest: Invalid extension permission: networkStatus
1586869420626	addons.webextension.screenshots@mozilla.org	WARN	Loading extension 'screenshots@mozilla.org': Reading manifest: Invalid extension permission: mozillaAddons
1586869420627	addons.webextension.screenshots@mozilla.org	WARN	Loading extension 'screenshots@mozilla.org': Reading manifest: Invalid extension permission: telemetry
1586869420627	addons.webextension.screenshots@mozilla.org	WARN	Loading extension 'screenshots@mozilla.org': Reading manifest: Invalid extension permission: resource://pdf.js/
1586869420627	addons.webextension.screenshots@mozilla.org	WARN	Loading extension 'screenshots@mozilla.org': Reading manifest: Invalid extension permission: about:reader*
1586869422145	Marionette	INFO	Listening on port 55104
1586869422251	Marionette	WARN	TLS certificate errors will be ignored for this session
1586869424483	Marionette	WARN	TimedPromise timed out after 500 ms: stacktrace:
TimedPromise/<@chrome://marionette/content/sync.js:244:13
TimedPromise@chrome://marionette/content/sync.js:229:10
interaction.flushEventLoop@chrome://marionette/content/interaction.js:416:10
webdriverClickElement@chrome://marionette/content/interaction.js:182:31

###!!! [Child][RunMessage] Error: Channel closing: too late to send/recv, messages will be lost

1586869508522	Marionette	INFO	Stopped listening on port 55104

###!!! [Child][RunMessage] Error: Channel closing: too late to send/recv, messages will be lost

1586869511631	Marionette	INFO	Stopped listening on port 54951
1586870478251	mozrunner::runner	INFO	Running command: "/Applications/Firefox.app/Contents/MacOS/firefox-bin" "-marionette" "-foreground" "-no-remote" "-profile" "/var/folders/0j/49xx400n4rj7hlf_dkgr956m0000gn/T/rust_mozprofilekxksf3"
1586870478741	addons.webextension.doh-rollout@mozilla.org	WARN	Loading extension 'doh-rollout@mozilla.org': Reading manifest: Invalid extension permission: networkStatus
1586870479189	addons.webextension.screenshots@mozilla.org	WARN	Loading extension 'screenshots@mozilla.org': Reading manifest: Invalid extension permission: mozillaAddons
1586870479189	addons.webextension.screenshots@mozilla.org	WARN	Loading extension 'screenshots@mozilla.org': Reading manifest: Invalid extension permission: telemetry
1586870479189	addons.webextension.screenshots@mozilla.org	WARN	Loading extension 'screenshots@mozilla.org': Reading manifest: Invalid extension permission: resource://pdf.js/
1586870479189	addons.webextension.screenshots@mozilla.org	WARN	Loading extension 'screenshots@mozilla.org': Reading manifest: Invalid extension permission: about:reader*
1586870480719	Marionette	INFO	Listening on port 49952
1586870480838	Marionette	WARN	TLS certificate errors will be ignored for this session
1586870498339	mozrunner::runner	INFO	Running command: "/Applications/Firefox.app/Contents/MacOS/firefox-bin" "-marionette" "-foreground" "-no-remote" "-profile" "/var/folders/0j/49xx400n4rj7hlf_dkgr956m0000gn/T/rust_mozprofileXqyCSB"
1586870498722	addons.webextension.doh-rollout@mozilla.org	WARN	Loading extension 'doh-rollout@mozilla.org': Reading manifest: Invalid extension permission: networkStatus
1586870499117	addons.webextension.screenshots@mozilla.org	WARN	Loading extension 'screenshots@mozilla.org': Reading manifest: Invalid extension permission: mozillaAddons
1586870499117	addons.webextension.screenshots@mozilla.org	WARN	Loading extension 'screenshots@mozilla.org': Reading manifest: Invalid extension permission: telemetry
1586870499117	addons.webextension.screenshots@mozilla.org	WARN	Loading extension 'screenshots@mozilla.org': Reading manifest: Invalid extension permission: resource://pdf.js/
1586870499117	addons.webextension.screenshots@mozilla.org	WARN	Loading extension 'screenshots@mozilla.org': Reading manifest: Invalid extension permission: about:reader*
1586870500530	Marionette	INFO	Listening on port 50054
1586870500593	Marionette	WARN	TLS certificate errors will be ignored for this session
JavaScript warning: https://a5.behance.net/f2743a4067e79b47c4581a0b79dfdabcb7553741/js/vendor/jquery/jquery.min.js?cb=264615658, line 2: Using //@ to indicate sourceMappingURL pragmas is deprecated. Use //# instead
1586870522478	mozrunner::runner	INFO	Running command: "/Applications/Firefox.app/Contents/MacOS/firefox-bin" "-marionette" "-foreground" "-no-remote" "-profile" "/var/folders/0j/49xx400n4rj7hlf_dkgr956m0000gn/T/rust_mozprofile89HlZh"
1586870522957	addons.webextension.doh-rollout@mozilla.org	WARN	Loading extension 'doh-rollout@mozilla.org': Reading manifest: Invalid extension permission: networkStatus
1586870523374	addons.webextension.screenshots@mozilla.org	WARN	Loading extension 'screenshots@mozilla.org': Reading manifest: Invalid extension permission: mozillaAddons
1586870523374	addons.webextension.screenshots@mozilla.org	WARN	Loading extension 'screenshots@mozilla.org': Reading manifest: Invalid extension permission: telemetry
1586870523375	addons.webextension.screenshots@mozilla.org	WARN	Loading extension 'screenshots@mozilla.org': Reading manifest: Invalid extension permission: resource://pdf.js/
1586870523375	addons.webextension.screenshots@mozilla.org	WARN	Loading extension 'screenshots@mozilla.org': Reading manifest: Invalid extension permission: about:reader*
1586870524989	Marionette	INFO	Listening on port 50165
1586870525044	Marionette	WARN	TLS certificate errors will be ignored for this session
JavaScript warning: https://a5.behance.net/f2743a4067e79b47c4581a0b79dfdabcb7553741/js/vendor/jquery/jquery.min.js?cb=264615658, line 2: Using //@ to indicate sourceMappingURL pragmas is deprecated. Use //# instead
1586870559923	addons.webextension.<unknown>	WARN	Loading extension 'null': Reading manifest: Warning processing permissions: Error processing permissions.8: Value "debugger" must either: must either [must either [be one of ["clipboardRead", "clipboardWrite", "geolocation", "idle", "notifications"], be one of ["bookmarks"], be one of ["find"], be one of ["history"], be one of ["menus.overrideContext"], be one of ["search"], be one of ["activeTab", "tabs", "tabHide"], be one of ["topSites"], be one of ["browserSettings"], be one of ["cookies"], be one of ["downloads", "downloads.open"], be one of ["privacy"], be one of ["webNavigation"], or be one of ["webRequest", "webRequestBlocking"]], be one of ["alarms", "mozillaAddons", "storage", "unlimitedStorage"], be one of ["browsingData"], be one of ["captivePortal"], be one of ["devtools"], be one of ["identity"], be one of ["menus", "contextMenus"], be one of ["normandyAddonStudy"], be one of ["pkcs11"], be one of ["geckoProfiler"], be one of ["sessions"], be one of ["urlbar"], be one of ["contextualIdentities"], be one of ["dns"], be one of ["activityLog"], be one of ["management"], be one of ["networkStatus"], be one of ["proxy"], be one of ["nativeMessaging"], be one of ["telemetry"], be one of ["theme"], or match the pattern /^experiments(\.\w+)+$/], or must either [be one of ["<all_urls>"], must either [match the pattern /^(https?|wss?|file|ftp|\*):\/\/(\*|\*\.[^*/]+|[^*/]+)\/.*$/, or match the pattern /^file:\/\/\/.*$/], or match the pattern /^resource:\/\/(\*|\*\.[^*/]+|[^*/]+)\/.*$|^about:/]
1586870559924	addons.webextension.<unknown>	WARN	Loading extension 'null': Reading manifest: Warning processing version_name: An unexpected property was found in the WebExtension manifest.
1586870559924	addons.webextension.<unknown>	WARN	Loading extension 'null': Reading manifest: Warning processing externally_connectable: An unexpected property was found in the WebExtension manifest.
1586870561586	addons.webextension.{a6fd85ed-e919-4a43-a5af-8da18bda539f}	WARN	Loading extension '{a6fd85ed-e919-4a43-a5af-8da18bda539f}': Reading manifest: Warning processing permissions: Error processing permissions.8: Value "debugger" must either: must either [must either [be one of ["clipboardRead", "clipboardWrite", "geolocation", "idle", "notifications"], be one of ["bookmarks"], be one of ["find"], be one of ["history"], be one of ["menus.overrideContext"], be one of ["search"], be one of ["activeTab", "tabs", "tabHide"], be one of ["topSites"], be one of ["browserSettings"], be one of ["cookies"], be one of ["downloads", "downloads.open"], be one of ["privacy"], be one of ["webNavigation"], or be one of ["webRequest", "webRequestBlocking"]], be one of ["alarms", "mozillaAddons", "storage", "unlimitedStorage"], be one of ["browsingData"], be one of ["captivePortal"], be one of ["devtools"], be one of ["identity"], be one of ["menus", "contextMenus"], be one of ["normandyAddonStudy"], be one of ["pkcs11"], be one of ["geckoProfiler"], be one of ["sessions"], be one of ["urlbar"], be one of ["contextualIdentities"], be one of ["dns"], be one of ["activityLog"], be one of ["management"], be one of ["networkStatus"], be one of ["proxy"], be one of ["nativeMessaging"], be one of ["telemetry"], be one of ["theme"], or match the pattern /^experiments(\.\w+)+$/], or must either [be one of ["<all_urls>"], must either [match the pattern /^(https?|wss?|file|ftp|\*):\/\/(\*|\*\.[^*/]+|[^*/]+)\/.*$/, or match the pattern /^file:\/\/\/.*$/], or match the pattern /^resource:\/\/(\*|\*\.[^*/]+|[^*/]+)\/.*$|^about:/]
1586870561587	addons.webextension.{a6fd85ed-e919-4a43-a5af-8da18bda539f}	WARN	Loading extension '{a6fd85ed-e919-4a43-a5af-8da18bda539f}': Reading manifest: Warning processing version_name: An unexpected property was found in the WebExtension manifest.
1586870561587	addons.webextension.{a6fd85ed-e919-4a43-a5af-8da18bda539f}	WARN	Loading extension '{a6fd85ed-e919-4a43-a5af-8da18bda539f}': Reading manifest: Warning processing externally_connectable: An unexpected property was found in the WebExtension manifest.
1586870565549	addons.webextension.{a6fd85ed-e919-4a43-a5af-8da18bda539f}	WARN	Loading extension '{a6fd85ed-e919-4a43-a5af-8da18bda539f}': Reading manifest: Warning processing permissions: Error processing permissions.8: Value "debugger" must either: must either [must either [be one of ["clipboardRead", "clipboardWrite", "geolocation", "idle", "notifications"], be one of ["bookmarks"], be one of ["find"], be one of ["history"], be one of ["menus.overrideContext"], be one of ["search"], be one of ["activeTab", "tabs", "tabHide"], be one of ["topSites"], be one of ["browserSettings"], be one of ["cookies"], be one of ["downloads", "downloads.open"], be one of ["privacy"], be one of ["webNavigation"], or be one of ["webRequest", "webRequestBlocking"]], be one of ["alarms", "mozillaAddons", "storage", "unlimitedStorage"], be one of ["browsingData"], be one of ["captivePortal"], be one of ["devtools"], be one of ["identity"], be one of ["menus", "contextMenus"], be one of ["normandyAddonStudy"], be one of ["pkcs11"], be one of ["geckoProfiler"], be one of ["sessions"], be one of ["urlbar"], be one of ["contextualIdentities"], be one of ["dns"], be one of ["activityLog"], be one of ["management"], be one of ["networkStatus"], be one of ["proxy"], be one of ["nativeMessaging"], be one of ["telemetry"], be one of ["theme"], or match the pattern /^experiments(\.\w+)+$/], or must either [be one of ["<all_urls>"], must either [match the pattern /^(https?|wss?|file|ftp|\*):\/\/(\*|\*\.[^*/]+|[^*/]+)\/.*$/, or match the pattern /^file:\/\/\/.*$/], or match the pattern /^resource:\/\/(\*|\*\.[^*/]+|[^*/]+)\/.*$|^about:/]
1586870565550	addons.webextension.{a6fd85ed-e919-4a43-a5af-8da18bda539f}	WARN	Loading extension '{a6fd85ed-e919-4a43-a5af-8da18bda539f}': Reading manifest: Warning processing version_name: An unexpected property was found in the WebExtension manifest.
1586870565550	addons.webextension.{a6fd85ed-e919-4a43-a5af-8da18bda539f}	WARN	Loading extension '{a6fd85ed-e919-4a43-a5af-8da18bda539f}': Reading manifest: Warning processing externally_connectable: An unexpected property was found in the WebExtension manifest.
JavaScript error: moz-extension://ecd5a180-8f1b-c740-9102-f65a9ddae688/assets/prompt.js, line 1: SyntaxError: redeclaration of let nextPromptResult
JavaScript error: moz-extension://ecd5a180-8f1b-c740-9102-f65a9ddae688/assets/prompt.js, line 1: SyntaxError: redeclaration of let nextPromptResult
1586870594806	addons.webextension.<unknown>	WARN	Loading extension 'null': Reading manifest: Warning processing permissions: Error processing permissions.12: Value "debugger" must either: must either [must either [be one of ["clipboardRead", "clipboardWrite", "geolocation", "idle", "notifications"], be one of ["bookmarks"], be one of ["find"], be one of ["history"], be one of ["menus.overrideContext"], be one of ["search"], be one of ["activeTab", "tabs", "tabHide"], be one of ["topSites"], be one of ["browserSettings"], be one of ["cookies"], be one of ["downloads", "downloads.open"], be one of ["privacy"], be one of ["webNavigation"], or be one of ["webRequest", "webRequestBlocking"]], be one of ["alarms", "mozillaAddons", "storage", "unlimitedStorage"], be one of ["browsingData"], be one of ["captivePortal"], be one of ["devtools"], be one of ["identity"], be one of ["menus", "contextMenus"], be one of ["normandyAddonStudy"], be one of ["pkcs11"], be one of ["geckoProfiler"], be one of ["sessions"], be one of ["urlbar"], be one of ["contextualIdentities"], be one of ["dns"], be one of ["activityLog"], be one of ["management"], be one of ["networkStatus"], be one of ["proxy"], be one of ["nativeMessaging"], be one of ["telemetry"], be one of ["theme"], or match the pattern /^experiments(\.\w+)+$/], or must either [be one of ["<all_urls>"], must either [match the pattern /^(https?|wss?|file|ftp|\*):\/\/(\*|\*\.[^*/]+|[^*/]+)\/.*$/, or match the pattern /^file:\/\/\/.*$/], or match the pattern /^resource:\/\/(\*|\*\.[^*/]+|[^*/]+)\/.*$|^about:/]
1586870594806	addons.webextension.<unknown>	WARN	Loading extension 'null': Reading manifest: Warning processing options_page: An unexpected property was found in the WebExtension manifest.
1586870594806	addons.webextension.<unknown>	WARN	Loading extension 'null': Reading manifest: Warning processing offline_enabled: An unexpected property was found in the WebExtension manifest.
1586870596278	addons.webextension.{91f05833-bab1-4fb1-b9e4-187091a4d75d}	WARN	Loading extension '{91f05833-bab1-4fb1-b9e4-187091a4d75d}': Reading manifest: Warning processing permissions: Error processing permissions.12: Value "debugger" must either: must either [must either [be one of ["clipboardRead", "clipboardWrite", "geolocation", "idle", "notifications"], be one of ["bookmarks"], be one of ["find"], be one of ["history"], be one of ["menus.overrideContext"], be one of ["search"], be one of ["activeTab", "tabs", "tabHide"], be one of ["topSites"], be one of ["browserSettings"], be one of ["cookies"], be one of ["downloads", "downloads.open"], be one of ["privacy"], be one of ["webNavigation"], or be one of ["webRequest", "webRequestBlocking"]], be one of ["alarms", "mozillaAddons", "storage", "unlimitedStorage"], be one of ["browsingData"], be one of ["captivePortal"], be one of ["devtools"], be one of ["identity"], be one of ["menus", "contextMenus"], be one of ["normandyAddonStudy"], be one of ["pkcs11"], be one of ["geckoProfiler"], be one of ["sessions"], be one of ["urlbar"], be one of ["contextualIdentities"], be one of ["dns"], be one of ["activityLog"], be one of ["management"], be one of ["networkStatus"], be one of ["proxy"], be one of ["nativeMessaging"], be one of ["telemetry"], be one of ["theme"], or match the pattern /^experiments(\.\w+)+$/], or must either [be one of ["<all_urls>"], must either [match the pattern /^(https?|wss?|file|ftp|\*):\/\/(\*|\*\.[^*/]+|[^*/]+)\/.*$/, or match the pattern /^file:\/\/\/.*$/], or match the pattern /^resource:\/\/(\*|\*\.[^*/]+|[^*/]+)\/.*$|^about:/]
1586870596279	addons.webextension.{91f05833-bab1-4fb1-b9e4-187091a4d75d}	WARN	Loading extension '{91f05833-bab1-4fb1-b9e4-187091a4d75d}': Reading manifest: Warning processing options_page: An unexpected property was found in the WebExtension manifest.
1586870596279	addons.webextension.{91f05833-bab1-4fb1-b9e4-187091a4d75d}	WARN	Loading extension '{91f05833-bab1-4fb1-b9e4-187091a4d75d}': Reading manifest: Warning processing offline_enabled: An unexpected property was found in the WebExtension manifest.
JavaScript error: moz-extension://83f125e1-a3fa-c442-b0e3-bd5a94b0456b/page/prompt.js, line 1: SyntaxError: redeclaration of const originalPrompt
JavaScript warning: moz-extension://83f125e1-a3fa-c442-b0e3-bd5a94b0456b/content/selenium-api.js, line 3258: unreachable code after return statement
JavaScript error: moz-extension://83f125e1-a3fa-c442-b0e3-bd5a94b0456b/content/jquery.simulate.js, line 331: ReferenceError: jQuery is not defined
JavaScript error: moz-extension://83f125e1-a3fa-c442-b0e3-bd5a94b0456b/page/prompt.js, line 1: SyntaxError: redeclaration of const originalPrompt
JavaScript warning: moz-extension://83f125e1-a3fa-c442-b0e3-bd5a94b0456b/content/selenium-api.js, line 3258: unreachable code after return statement
JavaScript error: moz-extension://83f125e1-a3fa-c442-b0e3-bd5a94b0456b/content/jquery.simulate.js, line 331: ReferenceError: jQuery is not defined
JavaScript warning: moz-extension://83f125e1-a3fa-c442-b0e3-bd5a94b0456b/content/utils.js, line 6219: unreachable code after return statement
JavaScript warning: moz-extension://83f125e1-a3fa-c442-b0e3-bd5a94b0456b/content/utils.js, line 6219: unreachable code after return statement
Extension error: TypeError: chrome.app is undefined moz-extension://83f125e1-a3fa-c442-b0e3-bd5a94b0456b/katalon/background.js 54
[[Exception stack
@moz-extension://83f125e1-a3fa-c442-b0e3-bd5a94b0456b/katalon/background.js:54:31
Current stack
applySafeWithoutClone@resource://gre/modules/ExtensionCommon.jsm:620:13
wrapPromise/<@resource://gre/modules/ExtensionCommon.jsm:823:18
]]
JavaScript warning: moz-extension://83f125e1-a3fa-c442-b0e3-bd5a94b0456b/content/selenium-api.js, line 3258: unreachable code after return statement
JavaScript warning: moz-extension://83f125e1-a3fa-c442-b0e3-bd5a94b0456b/content/utils.js, line 6219: unreachable code after return statement
1586870598574	addons.webextension.{91f05833-bab1-4fb1-b9e4-187091a4d75d}	WARN	Loading extension '{91f05833-bab1-4fb1-b9e4-187091a4d75d}': Reading manifest: Warning processing permissions: Error processing permissions.12: Value "debugger" must either: must either [must either [be one of ["clipboardRead", "clipboardWrite", "geolocation", "idle", "notifications"], be one of ["bookmarks"], be one of ["find"], be one of ["history"], be one of ["menus.overrideContext"], be one of ["search"], be one of ["activeTab", "tabs", "tabHide"], be one of ["topSites"], be one of ["browserSettings"], be one of ["cookies"], be one of ["downloads", "downloads.open"], be one of ["privacy"], be one of ["webNavigation"], or be one of ["webRequest", "webRequestBlocking"]], be one of ["alarms", "mozillaAddons", "storage", "unlimitedStorage"], be one of ["browsingData"], be one of ["captivePortal"], be one of ["devtools"], be one of ["identity"], be one of ["menus", "contextMenus"], be one of ["normandyAddonStudy"], be one of ["pkcs11"], be one of ["geckoProfiler"], be one of ["sessions"], be one of ["urlbar"], be one of ["contextualIdentities"], be one of ["dns"], be one of ["activityLog"], be one of ["management"], be one of ["networkStatus"], be one of ["proxy"], be one of ["nativeMessaging"], be one of ["telemetry"], be one of ["theme"], or match the pattern /^experiments(\.\w+)+$/], or must either [be one of ["<all_urls>"], must either [match the pattern /^(https?|wss?|file|ftp|\*):\/\/(\*|\*\.[^*/]+|[^*/]+)\/.*$/, or match the pattern /^file:\/\/\/.*$/], or match the pattern /^resource:\/\/(\*|\*\.[^*/]+|[^*/]+)\/.*$|^about:/]
1586870598575	addons.webextension.{91f05833-bab1-4fb1-b9e4-187091a4d75d}	WARN	Loading extension '{91f05833-bab1-4fb1-b9e4-187091a4d75d}': Reading manifest: Warning processing options_page: An unexpected property was found in the WebExtension manifest.
1586870598575	addons.webextension.{91f05833-bab1-4fb1-b9e4-187091a4d75d}	WARN	Loading extension '{91f05833-bab1-4fb1-b9e4-187091a4d75d}': Reading manifest: Warning processing offline_enabled: An unexpected property was found in the WebExtension manifest.
JavaScript error: resource://gre/modules/ExtensionContent.jsm, line 170: NS_ERROR_UNEXPECTED
JavaScript error: resource://gre/modules/ExtensionContent.jsm, line 170: NS_ERROR_UNEXPECTED
JavaScript error: resource://gre/modules/ExtensionContent.jsm, line 170: NS_ERROR_UNEXPECTED
JavaScript error: resource://gre/modules/ExtensionContent.jsm, line 170: NS_ERROR_UNEXPECTED
JavaScript error: resource://gre/modules/ExtensionContent.jsm, line 170: NS_ERROR_UNEXPECTED
JavaScript error: resource://gre/modules/ExtensionContent.jsm, line 170: NS_ERROR_UNEXPECTED
JavaScript error: resource://gre/modules/ExtensionContent.jsm, line 170: NS_ERROR_UNEXPECTED
JavaScript error: resource://gre/modules/ExtensionContent.jsm, line 170: NS_ERROR_UNEXPECTED
JavaScript error: resource://gre/modules/ExtensionContent.jsm, line 170: NS_ERROR_UNEXPECTED
JavaScript error: resource://gre/modules/ExtensionContent.jsm, line 170: NS_ERROR_UNEXPECTED
JavaScript error: resource://gre/modules/ExtensionContent.jsm, line 170: NS_ERROR_UNEXPECTED
JavaScript error: resource://gre/modules/ExtensionContent.jsm, line 170: NS_ERROR_UNEXPECTED
JavaScript error: resource://gre/modules/ExtensionContent.jsm, line 170: NS_ERROR_UNEXPECTED
JavaScript error: resource://gre/modules/ExtensionContent.jsm, line 170: NS_ERROR_UNEXPECTED
JavaScript error: resource://gre/modules/ExtensionContent.jsm, line 170: NS_ERROR_UNEXPECTED
JavaScript error: resource://gre/modules/ExtensionContent.jsm, line 170: NS_ERROR_UNEXPECTED
JavaScript error: resource://gre/modules/ExtensionContent.jsm, line 612: TypeError: context.contentWindow is null
JavaScript error: resource://gre/modules/ExtensionContent.jsm, line 170: NS_ERROR_UNEXPECTED
JavaScript error: resource://gre/modules/ExtensionContent.jsm, line 170: NS_ERROR_UNEXPECTED
JavaScript error: resource://gre/modules/ExtensionContent.jsm, line 170: NS_ERROR_UNEXPECTED
JavaScript error: resource://gre/modules/ExtensionContent.jsm, line 170: NS_ERROR_UNEXPECTED
JavaScript error: resource://gre/modules/ExtensionContent.jsm, line 170: NS_ERROR_UNEXPECTED
JavaScript error: resource://gre/modules/ExtensionContent.jsm, line 170: NS_ERROR_UNEXPECTED
JavaScript error: resource://gre/modules/ExtensionContent.jsm, line 170: NS_ERROR_UNEXPECTED
JavaScript error: resource://gre/modules/ExtensionContent.jsm, line 170: NS_ERROR_UNEXPECTED
JavaScript error: resource://gre/modules/ExtensionContent.jsm, line 170: NS_ERROR_UNEXPECTED
JavaScript error: resource://gre/modules/ExtensionContent.jsm, line 170: NS_ERROR_UNEXPECTED
JavaScript error: resource://gre/modules/ExtensionContent.jsm, line 170: NS_ERROR_UNEXPECTED
JavaScript error: resource://gre/modules/ExtensionContent.jsm, line 170: NS_ERROR_UNEXPECTED
JavaScript error: resource://gre/modules/ExtensionContent.jsm, line 170: NS_ERROR_UNEXPECTED
JavaScript error: resource://gre/modules/ExtensionContent.jsm, line 170: NS_ERROR_UNEXPECTED
JavaScript error: resource://gre/modules/ExtensionContent.jsm, line 170: NS_ERROR_UNEXPECTED
JavaScript error: resource://gre/modules/ExtensionContent.jsm, line 170: NS_ERROR_UNEXPECTED
JavaScript error: resource://gre/modules/ExtensionContent.jsm, line 170: NS_ERROR_UNEXPECTED
JavaScript error: resource://gre/modules/ExtensionContent.jsm, line 170: NS_ERROR_UNEXPECTED
JavaScript error: resource://gre/modules/ExtensionContent.jsm, line 170: NS_ERROR_UNEXPECTED
JavaScript error: resource://gre/modules/ExtensionContent.jsm, line 170: NS_ERROR_UNEXPECTED
JavaScript error: resource://gre/modules/ExtensionContent.jsm, line 170: NS_ERROR_UNEXPECTED
JavaScript error: resource://gre/modules/ExtensionContent.jsm, line 170: NS_ERROR_UNEXPECTED
JavaScript error: resource://gre/modules/ExtensionContent.jsm, line 170: NS_ERROR_UNEXPECTED
JavaScript error: resource://gre/modules/ExtensionContent.jsm, line 612: TypeError: context.contentWindow is null
JavaScript error: resource://gre/modules/ExtensionContent.jsm, line 170: NS_ERROR_UNEXPECTED
JavaScript error: resource://gre/modules/ExtensionContent.jsm, line 170: NS_ERROR_UNEXPECTED
JavaScript error: resource://gre/modules/ExtensionContent.jsm, line 612: TypeError: context.contentWindow is null
JavaScript error: moz-extension://ecd5a180-8f1b-c740-9102-f65a9ddae688/assets/prompt.js, line 1: SyntaxError: redeclaration of var nextPromptResult
JavaScript error: moz-extension://83f125e1-a3fa-c442-b0e3-bd5a94b0456b/page/prompt.js, line 1: SyntaxError: redeclaration of const originalPrompt
JavaScript warning: moz-extension://83f125e1-a3fa-c442-b0e3-bd5a94b0456b/content/selenium-api.js, line 3258: unreachable code after return statement
JavaScript error: moz-extension://83f125e1-a3fa-c442-b0e3-bd5a94b0456b/content/jquery.simulate.js, line 331: ReferenceError: jQuery is not defined
JavaScript error: moz-extension://83f125e1-a3fa-c442-b0e3-bd5a94b0456b/page/prompt.js, line 1: SyntaxError: redeclaration of const originalPrompt
JavaScript warning: moz-extension://83f125e1-a3fa-c442-b0e3-bd5a94b0456b/content/selenium-api.js, line 3258: unreachable code after return statement
JavaScript error: moz-extension://83f125e1-a3fa-c442-b0e3-bd5a94b0456b/content/jquery.simulate.js, line 331: ReferenceError: jQuery is not defined
JavaScript warning: moz-extension://83f125e1-a3fa-c442-b0e3-bd5a94b0456b/content/utils.js, line 6219: unreachable code after return statement
JavaScript warning: moz-extension://83f125e1-a3fa-c442-b0e3-bd5a94b0456b/content/utils.js, line 6219: unreachable code after return statement
JavaScript error: moz-extension://83f125e1-a3fa-c442-b0e3-bd5a94b0456b/content/jquery.simulate.js, line 331: ReferenceError: jQuery is not defined
JavaScript warning: moz-extension://83f125e1-a3fa-c442-b0e3-bd5a94b0456b/content/selenium-api.js, line 3258: unreachable code after return statement
JavaScript warning: moz-extension://83f125e1-a3fa-c442-b0e3-bd5a94b0456b/content/utils.js, line 6219: unreachable code after return statement
JavaScript error: resource://gre/modules/ExtensionContent.jsm, line 170: NS_ERROR_UNEXPECTED
JavaScript error: resource://gre/modules/ExtensionContent.jsm, line 612: TypeError: context.contentWindow is null
JavaScript error: resource://gre/modules/ExtensionContent.jsm, line 170: NS_ERROR_UNEXPECTED
JavaScript error: resource://gre/modules/ExtensionContent.jsm, line 612: TypeError: context.contentWindow is null
JavaScript error: resource://gre/modules/ExtensionContent.jsm, line 170: NS_ERROR_UNEXPECTED
JavaScript error: resource://gre/modules/ExtensionContent.jsm, line 612: TypeError: context.contentWindow is null
JavaScript error: moz-extension://ecd5a180-8f1b-c740-9102-f65a9ddae688/assets/prompt.js, line 1: SyntaxError: redeclaration of var nextPromptResult
JavaScript error: moz-extension://ecd5a180-8f1b-c740-9102-f65a9ddae688/assets/prompt.js, line 1: SyntaxError: redeclaration of var nextPromptResult
JavaScript error: moz-extension://ecd5a180-8f1b-c740-9102-f65a9ddae688/assets/prompt.js, line 1: SyntaxError: redeclaration of var nextPromptResult
JavaScript error: moz-extension://ecd5a180-8f1b-c740-9102-f65a9ddae688/assets/prompt.js, line 1: SyntaxError: redeclaration of var nextPromptResult
JavaScript error: moz-extension://ecd5a180-8f1b-c740-9102-f65a9ddae688/assets/prompt.js, line 1: SyntaxError: redeclaration of var nextPromptResult
JavaScript error: moz-extension://ecd5a180-8f1b-c740-9102-f65a9ddae688/assets/prompt.js, line 1: SyntaxError: redeclaration of var nextPromptResult
JavaScript warning: moz-extension://83f125e1-a3fa-c442-b0e3-bd5a94b0456b/content/utils.js, line 6219: unreachable code after return statement
JavaScript warning: moz-extension://83f125e1-a3fa-c442-b0e3-bd5a94b0456b/content/selenium-api.js, line 3258: unreachable code after return statement
JavaScript warning: https://a5.behance.net/f2743a4067e79b47c4581a0b79dfdabcb7553741/js/vendor/jquery/jquery.min.js?cb=264615658, line 2: Using //@ to indicate sourceMappingURL pragmas is deprecated. Use //# instead
JavaScript error: moz-extension://ecd5a180-8f1b-c740-9102-f65a9ddae688/assets/prompt.js, line 1: SyntaxError: redeclaration of var nextPromptResult
JavaScript warning: https://a5.behance.net/f2743a4067e79b47c4581a0b79dfdabcb7553741/js/vendor/jquery/jquery.min.js?cb=264615658, line 2: Using //@ to indicate sourceMappingURL pragmas is deprecated. Use //# instead
JavaScript error: moz-extension://ecd5a180-8f1b-c740-9102-f65a9ddae688/assets/prompt.js, line 1: SyntaxError: redeclaration of var nextPromptResult
JavaScript warning: https://a5.behance.net/f2743a4067e79b47c4581a0b79dfdabcb7553741/js/vendor/jquery/jquery.min.js?cb=264615658, line 2: Using //@ to indicate sourceMappingURL pragmas is deprecated. Use //# instead
JavaScript error: moz-extension://ecd5a180-8f1b-c740-9102-f65a9ddae688/assets/prompt.js, line 1: SyntaxError: redeclaration of var nextPromptResult
JavaScript error: moz-extension://ecd5a180-8f1b-c740-9102-f65a9ddae688/assets/prompt.js, line 1: SyntaxError: redeclaration of var nextPromptResult
JavaScript error: moz-extension://ecd5a180-8f1b-c740-9102-f65a9ddae688/assets/prompt.js, line 1: SyntaxError: redeclaration of var nextPromptResult
JavaScript error: moz-extension://ecd5a180-8f1b-c740-9102-f65a9ddae688/assets/prompt.js, line 1: SyntaxError: redeclaration of var nextPromptResult
JavaScript error: moz-extension://ecd5a180-8f1b-c740-9102-f65a9ddae688/assets/prompt.js, line 1: SyntaxError: redeclaration of var nextPromptResult
JavaScript error: moz-extension://ecd5a180-8f1b-c740-9102-f65a9ddae688/assets/prompt.js, line 1: SyntaxError: redeclaration of var nextPromptResult
JavaScript error: moz-extension://ecd5a180-8f1b-c740-9102-f65a9ddae688/assets/prompt.js, line 1: SyntaxError: redeclaration of var nextPromptResult
JavaScript error: moz-extension://ecd5a180-8f1b-c740-9102-f65a9ddae688/assets/prompt.js, line 1: SyntaxError: redeclaration of var nextPromptResult
JavaScript error: moz-extension://ecd5a180-8f1b-c740-9102-f65a9ddae688/assets/prompt.js, line 1: SyntaxError: redeclaration of var nextPromptResult
JavaScript error: moz-extension://ecd5a180-8f1b-c740-9102-f65a9ddae688/assets/prompt.js, line 1: SyntaxError: redeclaration of var nextPromptResult
JavaScript error: moz-extension://ecd5a180-8f1b-c740-9102-f65a9ddae688/assets/prompt.js, line 1: SyntaxError: redeclaration of var nextPromptResult
JavaScript error: moz-extension://ecd5a180-8f1b-c740-9102-f65a9ddae688/assets/prompt.js, line 1: SyntaxError: redeclaration of var nextPromptResult
JavaScript error: moz-extension://ecd5a180-8f1b-c740-9102-f65a9ddae688/assets/prompt.js, line 1: SyntaxError: redeclaration of var nextPromptResult
JavaScript error: moz-extension://ecd5a180-8f1b-c740-9102-f65a9ddae688/assets/prompt.js, line 1: SyntaxError: redeclaration of var nextPromptResult
1586870906164	mozrunner::runner	INFO	Running command: "/Applications/Firefox.app/Contents/MacOS/firefox-bin" "-marionette" "-foreground" "-no-remote" "-profile" "/var/folders/0j/49xx400n4rj7hlf_dkgr956m0000gn/T/rust_mozprofileI2FZCL"
1586870906687	addons.webextension.doh-rollout@mozilla.org	WARN	Loading extension 'doh-rollout@mozilla.org': Reading manifest: Invalid extension permission: networkStatus
1586870907077	addons.webextension.screenshots@mozilla.org	WARN	Loading extension 'screenshots@mozilla.org': Reading manifest: Invalid extension permission: mozillaAddons
1586870907077	addons.webextension.screenshots@mozilla.org	WARN	Loading extension 'screenshots@mozilla.org': Reading manifest: Invalid extension permission: telemetry
1586870907077	addons.webextension.screenshots@mozilla.org	WARN	Loading extension 'screenshots@mozilla.org': Reading manifest: Invalid extension permission: resource://pdf.js/
1586870907077	addons.webextension.screenshots@mozilla.org	WARN	Loading extension 'screenshots@mozilla.org': Reading manifest: Invalid extension permission: about:reader*
1586870908606	Marionette	INFO	Listening on port 50532
1586870908630	Marionette	WARN	TLS certificate errors will be ignored for this session
1586870950823	mozrunner::runner	INFO	Running command: "/Applications/Firefox.app/Contents/MacOS/firefox-bin" "-marionette" "-headless" "-foreground" "-no-remote" "-profile" "/var/folders/0j/49xx400n4rj7hlf_dkgr956m0000gn/T/rust_mozprofilesUDazV"
*** You are running in headless mode.
1586870951127	addons.webextension.doh-rollout@mozilla.org	WARN	Loading extension 'doh-rollout@mozilla.org': Reading manifest: Invalid extension permission: networkStatus
1586870951458	addons.webextension.screenshots@mozilla.org	WARN	Loading extension 'screenshots@mozilla.org': Reading manifest: Invalid extension permission: mozillaAddons
1586870951459	addons.webextension.screenshots@mozilla.org	WARN	Loading extension 'screenshots@mozilla.org': Reading manifest: Invalid extension permission: telemetry
1586870951459	addons.webextension.screenshots@mozilla.org	WARN	Loading extension 'screenshots@mozilla.org': Reading manifest: Invalid extension permission: resource://pdf.js/
1586870951459	addons.webextension.screenshots@mozilla.org	WARN	Loading extension 'screenshots@mozilla.org': Reading manifest: Invalid extension permission: about:reader*
1586870952830	Marionette	INFO	Listening on port 50631
1586870952869	Marionette	WARN	TLS certificate errors will be ignored for this session
JavaScript warning: https://assets.adobedtm.com/launch-EN919758db9a654a17bac7d184b99c4820.min.js, line 7: WebGL warning: <Create>: Can't use WebGL in headless mode (https://bugzil.la/1375585).
JavaScript warning: https://assets.adobedtm.com/launch-EN919758db9a654a17bac7d184b99c4820.min.js, line 7: Failed to create WebGL context: WebGL creation failed: 
* Can't use WebGL in headless mode (https://bugzil.la/1375585).
JavaScript warning: https://assets.adobedtm.com/launch-EN919758db9a654a17bac7d184b99c4820.min.js, line 7: WebGL warning: <Create>: Can't use WebGL in headless mode (https://bugzil.la/1375585).
JavaScript warning: https://assets.adobedtm.com/launch-EN919758db9a654a17bac7d184b99c4820.min.js, line 7: Failed to create WebGL context: WebGL creation failed: 
* Can't use WebGL in headless mode (https://bugzil.la/1375585).
1586871023314	mozrunner::runner	INFO	Running command: "/Applications/Firefox.app/Contents/MacOS/firefox-bin" "-marionette" "-foreground" "-no-remote" "-profile" "/var/folders/0j/49xx400n4rj7hlf_dkgr956m0000gn/T/rust_mozprofileq1IfDG"
1586871023847	addons.webextension.doh-rollout@mozilla.org	WARN	Loading extension 'doh-rollout@mozilla.org': Reading manifest: Invalid extension permission: networkStatus
1586871024246	addons.webextension.screenshots@mozilla.org	WARN	Loading extension 'screenshots@mozilla.org': Reading manifest: Invalid extension permission: mozillaAddons
1586871024246	addons.webextension.screenshots@mozilla.org	WARN	Loading extension 'screenshots@mozilla.org': Reading manifest: Invalid extension permission: telemetry
1586871024246	addons.webextension.screenshots@mozilla.org	WARN	Loading extension 'screenshots@mozilla.org': Reading manifest: Invalid extension permission: resource://pdf.js/
1586871024246	addons.webextension.screenshots@mozilla.org	WARN	Loading extension 'screenshots@mozilla.org': Reading manifest: Invalid extension permission: about:reader*
1586871025714	Marionette	INFO	Listening on port 50728
1586871025773	Marionette	WARN	TLS certificate errors will be ignored for this session
JavaScript warning: https://a5.behance.net/f2743a4067e79b47c4581a0b79dfdabcb7553741/js/vendor/jquery/jquery.min.js?cb=264615658, line 2: Using //@ to indicate sourceMappingURL pragmas is deprecated. Use //# instead
1586871058200	mozrunner::runner	INFO	Running command: "/Applications/Firefox.app/Contents/MacOS/firefox-bin" "-marionette" "-foreground" "-no-remote" "-profile" "/var/folders/0j/49xx400n4rj7hlf_dkgr956m0000gn/T/rust_mozprofileom9zNN"
1586871058737	addons.webextension.doh-rollout@mozilla.org	WARN	Loading extension 'doh-rollout@mozilla.org': Reading manifest: Invalid extension permission: networkStatus
1586871059112	addons.webextension.screenshots@mozilla.org	WARN	Loading extension 'screenshots@mozilla.org': Reading manifest: Invalid extension permission: mozillaAddons
1586871059112	addons.webextension.screenshots@mozilla.org	WARN	Loading extension 'screenshots@mozilla.org': Reading manifest: Invalid extension permission: telemetry
1586871059112	addons.webextension.screenshots@mozilla.org	WARN	Loading extension 'screenshots@mozilla.org': Reading manifest: Invalid extension permission: resource://pdf.js/
1586871059112	addons.webextension.screenshots@mozilla.org	WARN	Loading extension 'screenshots@mozilla.org': Reading manifest: Invalid extension permission: about:reader*
1586871060565	Marionette	INFO	Listening on port 50841
1586871060654	Marionette	WARN	TLS certificate errors will be ignored for this session
1586871123730	mozrunner::runner	INFO	Running command: "/Applications/Firefox.app/Contents/MacOS/firefox-bin" "-marionette" "-foreground" "-no-remote" "-profile" "/var/folders/0j/49xx400n4rj7hlf_dkgr956m0000gn/T/rust_mozprofileBrCgk4"
1586871124198	addons.webextension.doh-rollout@mozilla.org	WARN	Loading extension 'doh-rollout@mozilla.org': Reading manifest: Invalid extension permission: networkStatus
1586871124567	addons.webextension.screenshots@mozilla.org	WARN	Loading extension 'screenshots@mozilla.org': Reading manifest: Invalid extension permission: mozillaAddons
1586871124567	addons.webextension.screenshots@mozilla.org	WARN	Loading extension 'screenshots@mozilla.org': Reading manifest: Invalid extension permission: telemetry
1586871124567	addons.webextension.screenshots@mozilla.org	WARN	Loading extension 'screenshots@mozilla.org': Reading manifest: Invalid extension permission: resource://pdf.js/
1586871124567	addons.webextension.screenshots@mozilla.org	WARN	Loading extension 'screenshots@mozilla.org': Reading manifest: Invalid extension permission: about:reader*
1586871126010	Marionette	INFO	Listening on port 50944
1586871126088	Marionette	WARN	TLS certificate errors will be ignored for this session
1586871138164	mozrunner::runner	INFO	Running command: "/Applications/Firefox.app/Contents/MacOS/firefox-bin" "-marionette" "-foreground" "-no-remote" "-profile" "/var/folders/0j/49xx400n4rj7hlf_dkgr956m0000gn/T/rust_mozprofileTaCBSZ"
1586871138620	addons.webextension.doh-rollout@mozilla.org	WARN	Loading extension 'doh-rollout@mozilla.org': Reading manifest: Invalid extension permission: networkStatus
1586871139005	addons.webextension.screenshots@mozilla.org	WARN	Loading extension 'screenshots@mozilla.org': Reading manifest: Invalid extension permission: mozillaAddons
1586871139005	addons.webextension.screenshots@mozilla.org	WARN	Loading extension 'screenshots@mozilla.org': Reading manifest: Invalid extension permission: telemetry
1586871139005	addons.webextension.screenshots@mozilla.org	WARN	Loading extension 'screenshots@mozilla.org': Reading manifest: Invalid extension permission: resource://pdf.js/
1586871139005	addons.webextension.screenshots@mozilla.org	WARN	Loading extension 'screenshots@mozilla.org': Reading manifest: Invalid extension permission: about:reader*
1586871140472	Marionette	INFO	Listening on port 51036
1586871140518	Marionette	WARN	TLS certificate errors will be ignored for this session
JavaScript warning: http://cdn.sendx.io/prod/RL1E26HPbFIMTkeDwf8myj.js, line 2151: unreachable code after return statement
JavaScript warning: http://cdn.sendx.io/prod/RL1E26HPbFIMTkeDwf8myj.js, line 2573: unreachable code after return statement
JavaScript warning: http://cdn.sendx.io/prod/RL1E26HPbFIMTkeDwf8myj.js, line 2981: unreachable code after return statement
1586871406285	mozrunner::runner	INFO	Running command: "/Applications/Firefox.app/Contents/MacOS/firefox-bin" "-marionette" "-foreground" "-no-remote" "-profile" "/var/folders/0j/49xx400n4rj7hlf_dkgr956m0000gn/T/rust_mozprofilekgh8uA"
1586871406820	addons.webextension.doh-rollout@mozilla.org	WARN	Loading extension 'doh-rollout@mozilla.org': Reading manifest: Invalid extension permission: networkStatus
1586871407209	addons.webextension.screenshots@mozilla.org	WARN	Loading extension 'screenshots@mozilla.org': Reading manifest: Invalid extension permission: mozillaAddons
1586871407209	addons.webextension.screenshots@mozilla.org	WARN	Loading extension 'screenshots@mozilla.org': Reading manifest: Invalid extension permission: telemetry
1586871407209	addons.webextension.screenshots@mozilla.org	WARN	Loading extension 'screenshots@mozilla.org': Reading manifest: Invalid extension permission: resource://pdf.js/
1586871407209	addons.webextension.screenshots@mozilla.org	WARN	Loading extension 'screenshots@mozilla.org': Reading manifest: Invalid extension permission: about:reader*
1586871408763	Marionette	INFO	Listening on port 51267
1586871408858	Marionette	WARN	TLS certificate errors will be ignored for this session
JavaScript error: resource:///modules/UrlbarInput.jsm, line 1944: TypeError: event.target.closest is not a function
[GFX1-]: Receive IPC close with reason=AbnormalShutdown
[GFX1-]: Receive IPC close with reason=AbnormalShutdown
Exiting due to channel error.
Exiting due to channel error.
Exiting due to channel error.
Exiting due to channel error.
Exiting due to channel error.
Exiting due to channel error.
[GFX1-]: Receive IPC close with reason=AbnormalShutdown
Exiting due to channel error.
Exiting due to channel error.
Exiting due to channel error.
[GFX1-]: Receive IPC close with reason=AbnormalShutdown
Exiting due to channel error.
Exiting due to channel error.
Exiting due to channel error.
Exiting due to channel error.
Exiting due to channel error.
Exiting due to channel error.
Exiting due to channel error.
Exiting due to channel error.
Exiting due to channel error.
Exiting due to channel error.
[GFX1-]: Receive IPC close with reason=AbnormalShutdown
Exiting due to channel error.
[GFX1-]: Receive IPC close with reason=AbnormalShutdown
Exiting due to channel error.
Exiting due to channel error.
